gru 02, 2021 9:17:37 AM Gui <init>
INFO: Init Gui
gru 02, 2021 9:18:20 AM Gui lambda$new$0
INFO: connectButton clicked.
gru 02, 2021 9:18:20 AM SerialPortClass <init>
INFO: Init Serial, BaudRade: 115200
gru 02, 2021 9:18:29 AM Gui lambda$new$2
INFO: stmDiodeCheckBox selected
gru 02, 2021 9:18:29 AM Gui lambda$new$2
INFO: stmDiodeCheckBox unselected
gru 02, 2021 9:18:29 AM Gui lambda$new$2
INFO: stmDiodeCheckBox selected
gru 02, 2021 9:18:30 AM Gui lambda$new$2
INFO: stmDiodeCheckBox unselected
gru 02, 2021 9:18:30 AM Gui lambda$new$2
INFO: stmDiodeCheckBox selected
gru 02, 2021 9:18:30 AM Gui lambda$new$2
INFO: stmDiodeCheckBox unselected
gru 02, 2021 9:18:31 AM Gui lambda$new$2
INFO: stmDiodeCheckBox selected
gru 02, 2021 9:18:31 AM Gui lambda$new$2
INFO: stmDiodeCheckBox unselected
gru 02, 2021 9:18:31 AM Gui lambda$new$2
INFO: stmDiodeCheckBox selected
gru 02, 2021 9:18:32 AM Gui lambda$new$2
INFO: stmDiodeCheckBox unselected
gru 02, 2021 9:35:51 AM Gui <init>
INFO: Init Gui
gru 02, 2021 9:37:06 AM Gui <init>
INFO: Init Gui
