lis 30, 2021 6:56:15 AM Gui <init>
INFO: Init Gui
lis 30, 2021 6:56:57 AM Gui <init>
INFO: Init Gui
lis 30, 2021 6:57:14 AM Gui lambda$new$0
INFO: connectButton clicked.
lis 30, 2021 6:57:14 AM SerialPortClass <init>
INFO: Init Serial, BaudRade: 115200
lis 30, 2021 7:05:45 AM Gui <init>
INFO: Init Gui
lis 30, 2021 7:05:55 AM Gui lambda$new$0
INFO: connectButton clicked.
lis 30, 2021 7:05:55 AM SerialPortClass <init>
INFO: Init Serial, BaudRade: 115200
lis 30, 2021 7:05:59 AM Gui lambda$new$2
INFO: stmDiodeCheckBox selected
lis 30, 2021 7:06:01 AM Gui lambda$new$2
INFO: stmDiodeCheckBox unselected
lis 30, 2021 7:06:03 AM Gui lambda$new$2
INFO: stmDiodeCheckBox selected
lis 30, 2021 7:06:04 AM Gui lambda$new$2
INFO: stmDiodeCheckBox unselected
lis 30, 2021 7:06:06 AM Gui lambda$new$2
INFO: stmDiodeCheckBox selected
lis 30, 2021 7:06:06 AM Gui lambda$new$2
INFO: stmDiodeCheckBox unselected
lis 30, 2021 7:16:35 AM Gui <init>
INFO: Init Gui
lis 30, 2021 7:27:42 AM Gui <init>
INFO: Init Gui
