lis 29, 2021 2:08:37 PM Gui <init>
INFO: Init Gui
lis 29, 2021 2:08:43 PM Gui$2 actionPerformed
INFO: Button clicked.
lis 29, 2021 2:08:43 PM SerialPortClass <init>
INFO: Init Serial
lis 29, 2021 2:09:49 PM Gui <init>
INFO: Init Gui
lis 29, 2021 2:09:52 PM Gui$2 actionPerformed
INFO: Button clicked.
lis 29, 2021 2:09:52 PM SerialPortClass <init>
INFO: Init Serial, BaudRade: 115200
lis 29, 2021 2:19:13 PM Gui <init>
INFO: Init Gui
lis 29, 2021 2:19:23 PM Gui$2 actionPerformed
INFO: Button clicked.
lis 29, 2021 2:19:23 PM SerialPortClass <init>
INFO: Init Serial, BaudRade: 115200
lis 29, 2021 2:27:15 PM Gui <init>
INFO: Init Gui
lis 29, 2021 2:27:22 PM Gui$2 actionPerformed
INFO: Button clicked.
lis 29, 2021 2:27:22 PM SerialPortClass <init>
INFO: Init Serial, BaudRade: 115200
