sty 13, 2022 7:31:03 AM App.Gui <init>
INFO: Init Gui
sty 13, 2022 7:31:03 AM App.SerialPortClass fillSerialComboBox
INFO: Port komunikacyjny (COM1)
sty 13, 2022 7:31:09 AM App.Gui <init>
INFO: Init Gui
sty 13, 2022 7:31:09 AM App.SerialPortClass fillSerialComboBox
INFO: Port komunikacyjny (COM1)
sty 13, 2022 8:57:06 AM App.Gui <init>
INFO: Init Gui
sty 13, 2022 8:57:07 AM App.SerialPortClass fillSerialComboBox
INFO: Port komunikacyjny (COM1)
sty 13, 2022 8:57:30 AM App.Gui <init>
INFO: Init Gui
sty 13, 2022 8:57:30 AM App.SerialPortClass fillSerialComboBox
INFO: Port komunikacyjny (COM1)
sty 13, 2022 9:08:59 AM App.Gui <init>
INFO: Init Gui
sty 13, 2022 9:09:00 AM App.SerialPortClass fillSerialComboBox
INFO: Port komunikacyjny (COM1)
sty 13, 2022 10:33:06 AM App.Gui <init>
INFO: Init Gui
sty 13, 2022 10:33:06 AM App.SerialPortClass fillSerialComboBox
INFO: Port komunikacyjny (COM1)
sty 13, 2022 10:35:36 AM App.Gui <init>
INFO: Init Gui
sty 13, 2022 10:35:36 AM App.SerialPortClass fillSerialComboBox
INFO: Port komunikacyjny (COM1)
sty 13, 2022 1:32:29 PM App.Gui <init>
INFO: Init Gui
sty 13, 2022 1:32:29 PM App.SerialPortClass fillSerialComboBox
INFO: Port komunikacyjny (COM1)
